<?xml version="1.0" encoding="UTF-8"?>
<testng-results ignored="0" total="1" passed="1" failed="0" skipped="0">
  <reporter-output>
  </reporter-output>
  <suite started-at="2024-03-18T22:44:43 IST" name="Default suite" finished-at="2024-03-18T22:44:59 IST" duration-ms="15865">
    <groups>
    </groups>
    <test started-at="2024-03-18T22:44:43 IST" name="Default test" finished-at="2024-03-18T22:44:59 IST" duration-ms="15865">
      <class name="basic.OrgnizationsTest">
        <test-method signature="CreateOrganizationsTest()[pri:0, instance:basic.OrgnizationsTest@4d0f2471]" started-at="2024-03-18T22:44:43 IST" name="CreateOrganizationsTest" finished-at="2024-03-18T22:44:59 IST" duration-ms="15827" status="PASS">
          <reporter-output>
          </reporter-output>
        </test-method> <!-- CreateOrganizationsTest -->
      </class> <!-- basic.OrgnizationsTest -->
    </test> <!-- Default test -->
  </suite> <!-- Default suite -->
</testng-results>
